\BOOKMARK [0][-]{bm:Title.0}{Title Page}{}% 1
\BOOKMARK [0][-]{bm:Abstract.0}{Abstract}{}% 2
\BOOKMARK [0][-]{bm:Acknowledge.0}{Acknowledgements}{}% 3
\BOOKMARK [0][-]{section*.1}{Table of contents}{}% 4
\BOOKMARK [0][-]{section*.3}{List of figures}{}% 5
\BOOKMARK [0][-]{section*.5}{List of tables}{}% 6
\BOOKMARK [0][-]{chapter.1}{1 Introduction}{}% 7
\BOOKMARK [1][-]{section.1.1}{1.1 Machine Learning for Classification}{chapter.1}% 8
\BOOKMARK [1][-]{section.1.2}{1.2 Related Methods}{chapter.1}% 9
\BOOKMARK [2][-]{subsection.1.2.1}{1.2.1 Unsupervised learning method}{section.1.2}% 10
\BOOKMARK [2][-]{subsection.1.2.2}{1.2.2 Semi-supervised learning method}{section.1.2}% 11
\BOOKMARK [2][-]{subsection.1.2.3}{1.2.3 Supervised learning method}{section.1.2}% 12
\BOOKMARK [1][-]{section.1.3}{1.3 Motivation}{chapter.1}% 13
\BOOKMARK [1][-]{section.1.4}{1.4 Thesis Organization}{chapter.1}% 14
\BOOKMARK [0][-]{chapter.2}{2 Quasi-linear Support Vector Machines}{}% 15
\BOOKMARK [1][-]{section.2.1}{2.1 Support Vector Machine}{chapter.2}% 16
\BOOKMARK [2][-]{subsection.2.1.1}{2.1.1 Support Vector Machine Optimization}{section.2.1}% 17
\BOOKMARK [1][-]{section.2.2}{2.2 Kernel Function}{chapter.2}% 18
\BOOKMARK [2][-]{subsection.2.2.1}{2.2.1 Definition of Kernel Function}{section.2.2}% 19
\BOOKMARK [2][-]{subsection.2.2.2}{2.2.2 Positive Definite Kernel Function}{section.2.2}% 20
\BOOKMARK [1][-]{section.2.3}{2.3 Quasi-Linear Support Vector Machine}{chapter.2}% 21
\BOOKMARK [2][-]{subsection.2.3.1}{2.3.1 Mathematical Model of Quasi-Linear Support Vector Machine}{section.2.3}% 22
\BOOKMARK [2][-]{subsection.2.3.2}{2.3.2 Quasi-Linear Kernel}{section.2.3}% 23
\BOOKMARK [2][-]{subsection.2.3.3}{2.3.3 Localization of Feature Space}{section.2.3}% 24
\BOOKMARK [0][-]{chapter.3}{3 Local Linearity Extraction Based on Samples Space Division}{}% 25
\BOOKMARK [1][-]{section.3.1}{3.1 Implementation Framework}{chapter.3}% 26
\BOOKMARK [1][-]{section.3.2}{3.2 Tree Structured Models}{chapter.3}% 27
\BOOKMARK [2][-]{subsection.3.2.1}{3.2.1 Splitting Rules}{section.3.2}% 28
\BOOKMARK [2][-]{subsection.3.2.2}{3.2.2 Generation of Classification Trees}{section.3.2}% 29
\BOOKMARK [1][-]{section.3.3}{3.3 Local Linearity Extraction Based on Decision Tree }{chapter.3}% 30
\BOOKMARK [1][-]{section.3.4}{3.4 A Random Forest Framework}{chapter.3}% 31
\BOOKMARK [2][-]{subsection.3.4.1}{3.4.1 Ensemble Learning Methods}{section.3.4}% 32
\BOOKMARK [2][-]{subsection.3.4.2}{3.4.2 Random Forest}{section.3.4}% 33
\BOOKMARK [2][-]{subsection.3.4.3}{3.4.3 Cluster Local Linear Partitions}{section.3.4}% 34
\BOOKMARK [0][-]{chapter.4}{4 Experiments}{}% 35
\BOOKMARK [1][-]{section.4.1}{4.1 Evaluation Metrics}{chapter.4}% 36
\BOOKMARK [1][-]{section.4.2}{4.2 UCI Data Set}{chapter.4}% 37
\BOOKMARK [1][-]{section.4.3}{4.3 Yeast Gene Data Sets}{chapter.4}% 38
\BOOKMARK [0][-]{chapter.5}{5 Conclusions}{}% 39
\BOOKMARK [0][-]{section*.35}{Bibliography}{}% 40
